#
# A fatal error has been detected by the Java Runtime Environment:
#
#  SIGSEGV (0xb) at pc=0x0000010f00000000, pid=20909, tid=57871
#
# JRE version: Java(TM) SE Runtime Environment (8.0_60-b27) (build 1.8.0_60-b27)
# Java VM: Java HotSpot(TM) 64-Bit Server VM (25.60-b23 mixed mode bsd-amd64 compressed oops)
# Problematic frame:
# C  0x0000010f00000000
#
# Failed to write core dump. Core dumps have been disabled. To enable core dumping, try "ulimit -c unlimited" before starting Java again
#
# If you would like to submit a bug report, please visit:
#   http://bugreport.java.com/bugreport/crash.jsp
# The crash happened outside the Java Virtual Machine in native code.
# See problematic frame for where to report the bug.
#

---------------  T H R E A D  ---------------

Current thread (0x00007fdd098f6000):  JavaThread "Timer-0" [_thread_in_native, id=57871, stack(0x0000700001b71000,0x0000700001c71000)]

siginfo: si_signo: 11 (SIGSEGV), si_code: 1 (SEGV_MAPERR), si_addr: 0x0000010f00000000

Registers:
RAX=0x0000000000000000, RBX=0x0000000000000003, RCX=0x000000000000004a, RDX=0x00007fdd087169e0
RSP=0x0000700001c6ffe8, RBP=0x0000700001c70020, RSI=0x00007fff794147d0, RDI=0x00007fdd0a13c800
R8 =0x00000000fffffff2, R9 =0x000000000000000e, R10=0x00007fdd08716a80, R11=0x0000000000000000
R12=0x000000010142c000, R13=0x00007fff794147d0, R14=0x00007fff7b29464c, R15=0x0000000000000006
RIP=0x0000010f00000000, EFLAGS=0x0000000000010293, ERR=0x0000000000000014
  TRAPNO=0x000000000000000e

Top of Stack: (sp=0x0000700001c6ffe8)
0x0000700001c6ffe8:   00007fff98c202b0 00007fff7ab02420
0x0000700001c6fff8:   00007fff79126158 00007fff794147d0
0x0000700001c70008:   0000000000000020 00007fff8a2f4eb0
0x0000700001c70018:   00007fff9a60aee2 0000700001c70070
0x0000700001c70028:   00007fff9a6002ef 00007fdd0a17cc00
0x0000700001c70038:   ffffffbf0000007f 0000000000000016
0x0000700001c70048:   00007fff7b68e2c0 00007fff79126168
0x0000700001c70058:   00007fff79126158 00007fff8a2f4eb0
0x0000700001c70068:   0000000000000017 0000700001c70080
0x0000700001c70078:   00007fff9a5f3fff 0000700001c700d0
0x0000700001c70088:   00007fff9a5f3790 00007fff8a2f4eb0
0x0000700001c70098:   00007fff89ea45b0 00007fff794147d0
0x0000700001c700a8:   00007fff79126130 00007fff8a2f4eb0
0x0000700001c700b8:   00007fff89ea45b0 0000000000000000
0x0000700001c700c8:   0000000000000000 0000700001c70130
0x0000700001c700d8:   00007fff9a5f2da6 0000700001c70148
0x0000700001c700e8:   0000000103790c4d 00007fff79126158
0x0000700001c700f8:   00007fff794147d0 0000000000000000
0x0000700001c70108:   00007fdd08608be0 0000000000000000
0x0000700001c70118:   000000000000000d 0000000000000003
0x0000700001c70128:   00007fff794147d0 0000700001c70200
0x0000700001c70138:   00007fff9a5f1e11 0000000000000000
0x0000700001c70148:   0000000000000000 00007fff79127490
0x0000700001c70158:   00007fff794147d0 00007fff8a2f4eb0
0x0000700001c70168:   00007fff794147d0 00007fdd086d40c0
0x0000700001c70178:   0000000000000000 409f400000000000
0x0000700001c70188:   0000000000000000 4060000000000000
0x0000700001c70198:   0000000000000000 4060000000000000
0x0000700001c701a8:   0000000000000000 0000000000000000
0x0000700001c701b8:   0000000000000000 0000000000000000
0x0000700001c701c8:   0000000000000000 00000000d804619e
0x0000700001c701d8:   0000000000000000 0000000000000000 

Instructions: (pc=0x0000010f00000000)
0x0000010effffffe0:   
[error occurred during error reporting (printing registers, top of stack, instructions near pc), id 0xb]

Register to memory mapping:

RAX=0x0000000000000000 is an unknown value
RBX=0x0000000000000003 is an unknown value
RCX=0x000000000000004a is an unknown value
RDX=0x00007fdd087169e0 is an unknown value
RSP=0x0000700001c6ffe8 is pointing into the stack for thread: 0x00007fdd098f6000
RBP=0x0000700001c70020 is pointing into the stack for thread: 0x00007fdd098f6000
RSI=0x00007fff794147d0: __block_descriptor_tmp212+0x5e50 in /System/Library/Frameworks/AppKit.framework/Versions/C/AppKit at 0x00007fff8ba68000
RDI=0x00007fdd0a13c800 is an unknown value
R8 =0x00000000fffffff2 is an unknown value
R9 =0x000000000000000e is an unknown value
R10=0x00007fdd08716a80 is an unknown value
R11=0x0000000000000000 is an unknown value
R12=0x000000010142c000 is an unknown value
R13=0x00007fff794147d0: __block_descriptor_tmp212+0x5e50 in /System/Library/Frameworks/AppKit.framework/Versions/C/AppKit at 0x00007fff8ba68000
R14=0x00007fff7b29464c: counterAlice+0 in /usr/lib/system/libsystem_malloc.dylib at 0x00007fff98c17000
R15=0x0000000000000006 is an unknown value


Stack: [0x0000700001b71000,0x0000700001c71000],  sp=0x0000700001c6ffe8,  free space=1019k
Native frames: (J=compiled Java code, j=interpreted, Vv=VM code, C=native code)
C  0x0000010f00000000
C  [libobjc.A.dylib+0x152ef]  cache_t::bad_cache(objc_object*, objc_selector*, objc_class*)+0x77
C  [libobjc.A.dylib+0x8fff]  cache_t::find(unsigned long, objc_object*)+0x45
C  [libobjc.A.dylib+0x8790]  cache_fill+0xf6
C  [libobjc.A.dylib+0x7da6]  lookUpImpOrForward+0x20f
C  [libobjc.A.dylib+0x6e11]  objc_msgSend+0xd1
C  [CoreFoundation+0x7e26f]  -[__NSSetI member:]+0x4f
C  [CoreFoundation+0x7e206]  -[NSSet containsObject:]+0x16
C  [AppKit+0x1099ee]  NSAccessibilityPostNotificationWithUserInfo+0x137
j  com.sun.glass.ui.mac.MacAccessible.NSAccessibilityPostNotification(JJ)V+0
j  com.sun.glass.ui.mac.MacAccessible.sendNotification(Ljavafx/scene/AccessibleAttribute;)V+694
J 1057 C1 javafx.scene.Node.notifyAccessibleAttributeChanged(Ljavafx/scene/AccessibleAttribute;)V (41 bytes) @ 0x0000000103b5972c [0x0000000103b58ee0+0x84c]
J 929 C1 javafx.scene.text.Text$2.invalidated()V (72 bytes) @ 0x0000000103afc954 [0x0000000103afb020+0x1934]
J 926 C1 javafx.beans.property.StringPropertyBase.set(Ljava/lang/String;)V (127 bytes) @ 0x0000000103af8624 [0x0000000103af7dc0+0x864]
J 925 C1 javafx.beans.property.StringPropertyBase.set(Ljava/lang/Object;)V (9 bytes) @ 0x0000000103af78dc [0x0000000103af7700+0x1dc]
J 885 C1 aexbanner.AEXBanner.setKoersen(Ljava/lang/String;)V (45 bytes) @ 0x0000000103ae3dfc [0x0000000103ae33e0+0xa1c]
J 881 C2 aexbanner.BannerController.GetAndSetFonds()V (85 bytes) @ 0x0000000103ae6534 [0x0000000103ae5820+0xd14]
J 1060 C1 aexbanner.BannerController$1RemindTask.run()V (8 bytes) @ 0x0000000103b5ad94 [0x0000000103b5ad00+0x94]
j  java.util.TimerThread.mainLoop()V+221
j  java.util.TimerThread.run()V+1
v  ~StubRoutines::call_stub
V  [libjvm.dylib+0x2eab0e]  JavaCalls::call_helper(JavaValue*, methodHandle*, JavaCallArguments*, Thread*)+0x6ae
V  [libjvm.dylib+0x2eb29c]  JavaCalls::call_virtual(JavaValue*, KlassHandle, Symbol*, Symbol*, JavaCallArguments*, Thread*)+0x164
V  [libjvm.dylib+0x2eb448]  JavaCalls::call_virtual(JavaValue*, Handle, KlassHandle, Symbol*, Symbol*, Thread*)+0x4a
V  [libjvm.dylib+0x345965]  thread_entry(JavaThread*, Thread*)+0x7c
V  [libjvm.dylib+0x5612d3]  JavaThread::thread_main_inner()+0x9b
V  [libjvm.dylib+0x5629ce]  JavaThread::run()+0x1c2
V  [libjvm.dylib+0x48343a]  java_start(Thread*)+0xf6
C  [libsystem_pthread.dylib+0x39b1]  _pthread_body+0x83
C  [libsystem_pthread.dylib+0x392e]  _pthread_body+0x0
C  [libsystem_pthread.dylib+0x1385]  thread_start+0xd
C  0x0000000000000000

Java frames: (J=compiled Java code, j=interpreted, Vv=VM code)
j  com.sun.glass.ui.mac.MacAccessible.NSAccessibilityPostNotification(JJ)V+0
j  com.sun.glass.ui.mac.MacAccessible.sendNotification(Ljavafx/scene/AccessibleAttribute;)V+694

[error occurred during error reporting (printing Java stack), id 0xb]


---------------  P R O C E S S  ---------------

Java Threads: ( => current thread )
=>0x00007fdd098f6000 JavaThread "Timer-0" [_thread_in_native, id=57871, stack(0x0000700001b71000,0x0000700001c71000)]
  0x00007fdd0b22b800 JavaThread "Prism Font Disposer" daemon [_thread_blocked, id=308, stack(0x0000700001a6e000,0x0000700001b6e000)]
  0x00007fdd0b22f000 JavaThread "JavaFX-Launcher" [_thread_blocked, id=0, stack(0x000070000196b000,0x0000700001a6b000)]
  0x00007fdd0d800000 JavaThread "Thread-3" daemon [_thread_in_native, id=0, stack(0x0000700001865000,0x00007000018e5000)]
  0x00007fdd09892800 JavaThread "JavaFX Application Thread" [_thread_blocked, id=2571, stack(0x00007fff5e01f000,0x00007fff5e81f000)]
  0x00007fdd09895800 JavaThread "Thread-1" daemon [_thread_blocked, id=27915, stack(0x000070000165c000,0x000070000175c000)]
  0x00007fdd08937000 JavaThread "QuantumRenderer-0" daemon [_thread_in_native, id=22275, stack(0x0000700001559000,0x0000700001659000)]
  0x00007fdd08834800 JavaThread "Service Thread" daemon [_thread_blocked, id=21251, stack(0x0000700001353000,0x0000700001453000)]
  0x00007fdd0b00a000 JavaThread "C1 CompilerThread3" daemon [_thread_blocked, id=308, stack(0x0000700001250000,0x0000700001350000)]
  0x00007fdd0a027000 JavaThread "C2 CompilerThread2" daemon [_thread_blocked, id=20227, stack(0x000070000114d000,0x000070000124d000)]
  0x00007fdd0b037800 JavaThread "C2 CompilerThread1" daemon [_thread_blocked, id=271, stack(0x000070000104a000,0x000070000114a000)]
  0x00007fdd0b008800 JavaThread "C2 CompilerThread0" daemon [_thread_blocked, id=308, stack(0x0000700000f47000,0x0000700001047000)]
  0x00007fdd0b036800 JavaThread "Signal Dispatcher" daemon [_thread_blocked, id=0, stack(0x0000700000e44000,0x0000700000f44000)]
  0x00007fdd0881c000 JavaThread "Finalizer" daemon [_thread_blocked, id=14339, stack(0x0000700000c3b000,0x0000700000d3b000)]
  0x00007fdd0881b800 JavaThread "Reference Handler" daemon [_thread_blocked, id=13827, stack(0x0000700000b38000,0x0000700000c38000)]
  0x00007fdd08808800 JavaThread "main" [_thread_blocked, id=5891, stack(0x000070000011a000,0x000070000021a000)]

Other Threads:
  0x00007fdd08819000 VMThread [stack: 0x0000700000a35000,0x0000700000b35000] [id=13315]
  0x00007fdd0b00b000 WatcherThread [stack: 0x0000700001456000,0x0000700001556000] [id=21763]

VM state:not at safepoint (normal execution)

VM Mutex/Monitor currently owned by a thread: None


[error occurred during error reporting (printing heap information), id 0xb]

CodeCache: size=245760Kb used=3913Kb max_used=3913Kb free=241846Kb
 bounds [0x0000000103789000, 0x0000000103b69000, 0x0000000112789000]
 total_blobs=1624 nmethods=1065 adapters=473
 compilation: enabled

Compilation events (10 events):
Event: 4.994 Thread 0x00007fdd0b00a000 1063       1       com.sun.glass.ui.Accessible::access$000 (5 bytes)
Event: 4.994 Thread 0x00007fdd0b00a000 nmethod 1063 0x0000000103b5be90 code [0x0000000103b5bfe0, 0x0000000103b5c0d0]
Event: 5.029 Thread 0x00007fdd0b00a000 1064       3       java.util.concurrent.atomic.AtomicBoolean::compareAndSet (35 bytes)
Event: 5.030 Thread 0x00007fdd0b00a000 nmethod 1064 0x0000000103b5c150 code [0x0000000103b5c2c0, 0x0000000103b5c4d0]
Event: 5.033 Thread 0x00007fdd0b00a000 1065       1       javafx.scene.AccessibleAttribute::getReturnType (5 bytes)
Event: 5.033 Thread 0x00007fdd0b00a000 nmethod 1065 0x0000000103b5c550 code [0x0000000103b5c6a0, 0x0000000103b5c7b0]
Event: 5.096 Thread 0x00007fdd0b00a000 1066       3       java.util.concurrent.atomic.AtomicBoolean::getAndSet (16 bytes)
Event: 5.096 Thread 0x00007fdd0b00a000 nmethod 1066 0x0000000103b5c810 code [0x0000000103b5c9a0, 0x0000000103b5ce50]
Event: 5.263 Thread 0x00007fdd0b00a000 1067       3       com.sun.javafx.tk.quantum.QuantumToolkit::setPulseRunning (9 bytes)
Event: 5.263 Thread 0x00007fdd0b00a000 nmethod 1067 0x0000000103b5cf90 code [0x0000000103b5d120, 0x0000000103b5d5e8]


[error occurred during error reporting (printing ring buffers), id 0xb]

Dynamic libraries:
0x0000000008bd4000 	/System/Library/Frameworks/Cocoa.framework/Versions/A/Cocoa
0x0000000008bd4000 	/System/Library/Frameworks/Security.framework/Versions/A/Security
0x0000000008bd4000 	/System/Library/Frameworks/ApplicationServices.framework/Versions/A/ApplicationServices
0x0000000008bd4000 	/usr/lib/libz.1.dylib
0x0000000008bd4000 	/usr/lib/libSystem.B.dylib
0x0000000008bd4000 	/usr/lib/libobjc.A.dylib
0x0000000008bd4000 	/System/Library/Frameworks/CoreFoundation.framework/Versions/A/CoreFoundation
0x0000000008bd4000 	/System/Library/Frameworks/Foundation.framework/Versions/C/Foundation
0x0000000008bd4000 	/System/Library/Frameworks/AppKit.framework/Versions/C/AppKit
0x0000000008bd4000 	/System/Library/Frameworks/CoreData.framework/Versions/A/CoreData
0x0000000008bd4000 	/System/Library/PrivateFrameworks/RemoteViewServices.framework/Versions/A/RemoteViewServices
0x0000000008bd4000 	/System/Library/PrivateFrameworks/UIFoundation.framework/Versions/A/UIFoundation
0x0000000008bd4000 	/usr/lib/libScreenReader.dylib
0x0000000008bd4000 	/System/Library/Frameworks/Accelerate.framework/Versions/A/Accelerate
0x0000000008bd4000 	/System/Library/Frameworks/IOSurface.framework/Versions/A/IOSurface
0x0000000008bd4000 	/System/Library/Frameworks/AudioToolbox.framework/Versions/A/AudioToolbox
0x0000000008bd4000 	/System/Library/Frameworks/AudioUnit.framework/Versions/A/AudioUnit
0x0000000008bd4000 	/System/Library/PrivateFrameworks/DataDetectorsCore.framework/Versions/A/DataDetectorsCore
0x0000000008bd4000 	/System/Library/PrivateFrameworks/DesktopServicesPriv.framework/Versions/A/DesktopServicesPriv
0x0000000008bd4000 	/System/Library/Frameworks/Carbon.framework/Versions/A/Frameworks/HIToolbox.framework/Versions/A/HIToolbox
0x0000000008bd4000 	/System/Library/Frameworks/QuartzCore.framework/Versions/A/QuartzCore
0x0000000008bd4000 	/System/Library/Frameworks/Carbon.framework/Versions/A/Frameworks/SpeechRecognition.framework/Versions/A/SpeechRecognition
0x0000000008bd4000 	/usr/lib/libauto.dylib
0x0000000008bd4000 	/usr/lib/libicucore.A.dylib
0x0000000008bd4000 	/usr/lib/libxml2.2.dylib
0x0000000008bd4000 	/System/Library/PrivateFrameworks/CoreUI.framework/Versions/A/CoreUI
0x0000000008bd4000 	/System/Library/Frameworks/CoreAudio.framework/Versions/A/CoreAudio
0x0000000008bd4000 	/System/Library/Frameworks/DiskArbitration.framework/Versions/A/DiskArbitration
0x0000000008bd4000 	/usr/lib/liblangid.dylib
0x0000000008bd4000 	/System/Library/PrivateFrameworks/MultitouchSupport.framework/Versions/A/MultitouchSupport
0x0000000008bd4000 	/System/Library/Frameworks/IOKit.framework/Versions/A/IOKit
0x0000000008bd4000 	/usr/lib/libDiagnosticMessagesClient.dylib
0x0000000008bd4000 	/System/Library/Frameworks/CoreServices.framework/Versions/A/CoreServices
0x0000000008bd4000 	/System/Library/PrivateFrameworks/PerformanceAnalysis.framework/Versions/A/PerformanceAnalysis
0x0000000008bd4000 	/System/Library/PrivateFrameworks/GenerationalStorage.framework/Versions/A/GenerationalStorage
0x0000000008bd4000 	/System/Library/Frameworks/OpenGL.framework/Versions/A/OpenGL
0x0000000008bd4000 	/System/Library/PrivateFrameworks/Sharing.framework/Versions/A/Sharing
0x0000000008bd4000 	/System/Library/Frameworks/CoreGraphics.framework/Versions/A/CoreGraphics
0x0000000008bd4000 	/System/Library/Frameworks/CoreImage.framework/Versions/A/CoreImage
0x0000000008bd4000 	/System/Library/Frameworks/CoreText.framework/Versions/A/CoreText
0x0000000008bd4000 	/System/Library/Frameworks/ImageIO.framework/Versions/A/ImageIO
0x0000000008bd4000 	/System/Library/PrivateFrameworks/Backup.framework/Versions/A/Backup
0x0000000008bd4000 	/usr/lib/libextension.dylib
0x0000000008bd4000 	/usr/lib/libarchive.2.dylib
0x0000000008bd4000 	/System/Library/Frameworks/CFNetwork.framework/Versions/A/CFNetwork
0x0000000008bd4000 	/System/Library/Frameworks/SystemConfiguration.framework/Versions/A/SystemConfiguration
0x0000000008bd4000 	/usr/lib/libCRFSuite.dylib
0x0000000008bd4000 	/usr/lib/libc++.1.dylib
0x0000000008bd4000 	/usr/lib/libc++abi.dylib
0x0000000008bd4000 	/usr/lib/system/libcache.dylib
0x0000000008bd4000 	/usr/lib/system/libcommonCrypto.dylib
0x0000000008bd4000 	/usr/lib/system/libcompiler_rt.dylib
0x0000000008bd4000 	/usr/lib/system/libcopyfile.dylib
0x0000000008bd4000 	/usr/lib/system/libcorecrypto.dylib
0x0000000008bd4000 	/usr/lib/system/libdispatch.dylib
0x0000000008bd4000 	/usr/lib/system/libdyld.dylib
0x0000000008bd4000 	/usr/lib/system/libkeymgr.dylib
0x0000000008bd4000 	/usr/lib/system/liblaunch.dylib
0x0000000008bd4000 	/usr/lib/system/libmacho.dylib
0x0000000008bd4000 	/usr/lib/system/libquarantine.dylib
0x0000000008bd4000 	/usr/lib/system/libremovefile.dylib
0x0000000008bd4000 	/usr/lib/system/libsystem_asl.dylib
0x0000000008bd4000 	/usr/lib/system/libsystem_blocks.dylib
0x0000000008bd4000 	/usr/lib/system/libsystem_c.dylib
0x0000000008bd4000 	/usr/lib/system/libsystem_configuration.dylib
0x0000000008bd4000 	/usr/lib/system/libsystem_coreservices.dylib
0x0000000008bd4000 	/usr/lib/system/libsystem_coretls.dylib
0x0000000008bd4000 	/usr/lib/system/libsystem_dnssd.dylib
0x0000000008bd4000 	/usr/lib/system/libsystem_info.dylib
0x0000000008bd4000 	/usr/lib/system/libsystem_kernel.dylib
0x0000000008bd4000 	/usr/lib/system/libsystem_m.dylib
0x0000000008bd4000 	/usr/lib/system/libsystem_malloc.dylib
0x0000000008bd4000 	/usr/lib/system/libsystem_network.dylib
0x0000000008bd4000 	/usr/lib/system/libsystem_networkextension.dylib
0x0000000008bd4000 	/usr/lib/system/libsystem_notify.dylib
0x0000000008bd4000 	/usr/lib/system/libsystem_platform.dylib
0x0000000008bd4000 	/usr/lib/system/libsystem_pthread.dylib
0x0000000008bd4000 	/usr/lib/system/libsystem_sandbox.dylib
0x0000000008bd4000 	/usr/lib/system/libsystem_secinit.dylib
0x0000000008bd4000 	/usr/lib/system/libsystem_trace.dylib
0x0000000008bd4000 	/usr/lib/system/libunc.dylib
0x0000000008bd4000 	/usr/lib/system/libunwind.dylib
0x0000000008bd4000 	/usr/lib/system/libxpc.dylib
0x0000000008bd4000 	/usr/lib/libenergytrace.dylib
0x0000000008bd4000 	/usr/lib/libbsm.0.dylib
0x0000000008bd4000 	/usr/lib/system/libkxld.dylib
0x0000000008bd4000 	/usr/lib/libxar.1.dylib
0x0000000008bd4000 	/usr/lib/libsqlite3.dylib
0x0000000008bd4000 	/usr/lib/libpam.2.dylib
0x0000000008bd4000 	/usr/lib/libOpenScriptingUtil.dylib
0x0000000008bd4000 	/usr/lib/libbz2.1.0.dylib
0x0000000008bd4000 	/usr/lib/liblzma.5.dylib
0x0000000008bd4000 	/System/Library/Frameworks/CoreServices.framework/Versions/A/Frameworks/FSEvents.framework/Versions/A/FSEvents
0x0000000008bd4000 	/System/Library/Frameworks/CoreServices.framework/Versions/A/Frameworks/CarbonCore.framework/Versions/A/CarbonCore
0x0000000008bd4000 	/System/Library/Frameworks/CoreServices.framework/Versions/A/Frameworks/Metadata.framework/Versions/A/Metadata
0x0000000008bd4000 	/System/Library/Frameworks/CoreServices.framework/Versions/A/Frameworks/OSServices.framework/Versions/A/OSServices
0x0000000008bd4000 	/System/Library/Frameworks/CoreServices.framework/Versions/A/Frameworks/SearchKit.framework/Versions/A/SearchKit
0x0000000008bd4000 	/System/Library/Frameworks/CoreServices.framework/Versions/A/Frameworks/AE.framework/Versions/A/AE
0x0000000008bd4000 	/System/Library/Frameworks/CoreServices.framework/Versions/A/Frameworks/LaunchServices.framework/Versions/A/LaunchServices
0x0000000008bd4000 	/System/Library/Frameworks/CoreServices.framework/Versions/A/Frameworks/DictionaryServices.framework/Versions/A/DictionaryServices
0x0000000008bd4000 	/System/Library/Frameworks/CoreServices.framework/Versions/A/Frameworks/SharedFileList.framework/Versions/A/SharedFileList
0x0000000008bd4000 	/System/Library/Frameworks/NetFS.framework/Versions/A/NetFS
0x0000000008bd4000 	/System/Library/PrivateFrameworks/NetAuth.framework/Versions/A/NetAuth
0x0000000008bd4000 	/System/Library/PrivateFrameworks/login.framework/Versions/A/Frameworks/loginsupport.framework/Versions/A/loginsupport
0x0000000008bd4000 	/System/Library/PrivateFrameworks/TCC.framework/Versions/A/TCC
0x0000000008bd4000 	/usr/lib/libmecabra.dylib
0x0000000008bd4000 	/System/Library/Frameworks/ApplicationServices.framework/Versions/A/Frameworks/ATS.framework/Versions/A/ATS
0x0000000008bd4000 	/System/Library/Frameworks/ApplicationServices.framework/Versions/A/Frameworks/ColorSync.framework/Versions/A/ColorSync
0x0000000008bd4000 	/System/Library/Frameworks/ApplicationServices.framework/Versions/A/Frameworks/HIServices.framework/Versions/A/HIServices
0x0000000008bd4000 	/System/Library/Frameworks/ApplicationServices.framework/Versions/A/Frameworks/LangAnalysis.framework/Versions/A/LangAnalysis
0x0000000008bd4000 	/System/Library/Frameworks/ApplicationServices.framework/Versions/A/Frameworks/PrintCore.framework/Versions/A/PrintCore
0x0000000008bd4000 	/System/Library/Frameworks/ApplicationServices.framework/Versions/A/Frameworks/QD.framework/Versions/A/QD
0x0000000008bd4000 	/System/Library/Frameworks/ApplicationServices.framework/Versions/A/Frameworks/SpeechSynthesis.framework/Versions/A/SpeechSynthesis
0x0000000008bd4000 	/System/Library/Frameworks/Metal.framework/Versions/A/Metal
0x0000000008bd4000 	/System/Library/Frameworks/Accelerate.framework/Versions/A/Frameworks/vImage.framework/Versions/A/vImage
0x0000000008bd4000 	/System/Library/Frameworks/Accelerate.framework/Versions/A/Frameworks/vecLib.framework/Versions/A/vecLib
0x0000000008bd4000 	/System/Library/Frameworks/Accelerate.framework/Versions/A/Frameworks/vecLib.framework/Versions/A/libvDSP.dylib
0x0000000008bd4000 	/System/Library/Frameworks/Accelerate.framework/Versions/A/Frameworks/vecLib.framework/Versions/A/libvMisc.dylib
0x0000000008bd4000 	/System/Library/Frameworks/Accelerate.framework/Versions/A/Frameworks/vecLib.framework/Versions/A/libLAPACK.dylib
0x0000000008bd4000 	/System/Library/Frameworks/Accelerate.framework/Versions/A/Frameworks/vecLib.framework/Versions/A/libBLAS.dylib
0x0000000008bd4000 	/System/Library/Frameworks/Accelerate.framework/Versions/A/Frameworks/vecLib.framework/Versions/A/libLinearAlgebra.dylib
0x0000000008bd4000 	/System/Library/Frameworks/Accelerate.framework/Versions/A/Frameworks/vecLib.framework/Versions/A/libSparseBLAS.dylib
0x0000000008bd4000 	/System/Library/PrivateFrameworks/GPUCompiler.framework/libmetal_timestamp.dylib
0x0000000008bd4000 	/System/Library/Frameworks/OpenGL.framework/Versions/A/Libraries/libCoreFSCache.dylib
0x0000000008bd4000 	/System/Library/PrivateFrameworks/IOAccelerator.framework/Versions/A/IOAccelerator
0x0000000008bd4000 	/System/Library/Frameworks/ApplicationServices.framework/Versions/A/Frameworks/ATS.framework/Versions/A/Resources/libFontParser.dylib
0x0000000008bd4000 	/System/Library/Frameworks/ApplicationServices.framework/Versions/A/Frameworks/ATS.framework/Versions/A/Resources/libFontRegistry.dylib
0x0000000008bd4000 	/System/Library/PrivateFrameworks/AppleVPA.framework/Versions/A/AppleVPA
0x0000000008bd4000 	/System/Library/PrivateFrameworks/AppleJPEG.framework/Versions/A/AppleJPEG
0x0000000008bd4000 	/System/Library/Frameworks/ImageIO.framework/Versions/A/Resources/libJPEG.dylib
0x0000000008bd4000 	/System/Library/Frameworks/ImageIO.framework/Versions/A/Resources/libTIFF.dylib
0x0000000008bd4000 	/System/Library/Frameworks/ImageIO.framework/Versions/A/Resources/libPng.dylib
0x0000000008bd4000 	/System/Library/Frameworks/ImageIO.framework/Versions/A/Resources/libGIF.dylib
0x0000000008bd4000 	/System/Library/Frameworks/ImageIO.framework/Versions/A/Resources/libJP2.dylib
0x0000000008bd4000 	/System/Library/Frameworks/ImageIO.framework/Versions/A/Resources/libRadiance.dylib
0x0000000008bd4000 	/System/Library/Frameworks/CoreVideo.framework/Versions/A/CoreVideo
0x0000000008bd4000 	/System/Library/Frameworks/OpenGL.framework/Versions/A/Libraries/libGLU.dylib
0x0000000008bd4000 	/System/Library/Frameworks/OpenGL.framework/Versions/A/Libraries/libGFXShared.dylib
0x0000000008bd4000 	/System/Library/Frameworks/OpenGL.framework/Versions/A/Libraries/libGL.dylib
0x0000000008bd4000 	/System/Library/Frameworks/OpenGL.framework/Versions/A/Libraries/libGLImage.dylib
0x0000000008bd4000 	/System/Library/Frameworks/OpenGL.framework/Versions/A/Libraries/libCVMSPluginSupport.dylib
0x0000000008bd4000 	/System/Library/Frameworks/OpenGL.framework/Versions/A/Libraries/libCoreVMClient.dylib
0x0000000008bd4000 	/usr/lib/libcups.2.dylib
0x0000000008bd4000 	/System/Library/Frameworks/Kerberos.framework/Versions/A/Kerberos
0x0000000008bd4000 	/System/Library/Frameworks/GSS.framework/Versions/A/GSS
0x0000000008bd4000 	/usr/lib/libresolv.9.dylib
0x0000000008bd4000 	/usr/lib/libiconv.2.dylib
0x0000000008bd4000 	/System/Library/PrivateFrameworks/Heimdal.framework/Versions/A/Heimdal
0x0000000008bd4000 	/usr/lib/libheimdal-asn1.dylib
0x0000000008bd4000 	/System/Library/Frameworks/OpenDirectory.framework/Versions/A/OpenDirectory
0x0000000008bd4000 	/System/Library/PrivateFrameworks/CommonAuth.framework/Versions/A/CommonAuth
0x0000000008bd4000 	/System/Library/Frameworks/OpenDirectory.framework/Versions/A/Frameworks/CFOpenDirectory.framework/Versions/A/CFOpenDirectory
0x0000000008bd4000 	/System/Library/Frameworks/SecurityFoundation.framework/Versions/A/SecurityFoundation
0x0000000008bd4000 	/System/Library/PrivateFrameworks/LanguageModeling.framework/Versions/A/LanguageModeling
0x0000000008bd4000 	/usr/lib/libmarisa.dylib
0x0000000008bd4000 	/usr/lib/libChineseTokenizer.dylib
0x0000000008bd4000 	/usr/lib/libcmph.dylib
0x0000000008bd4000 	/usr/lib/libcompression.dylib
0x0000000008bd4000 	/System/Library/Frameworks/ServiceManagement.framework/Versions/A/ServiceManagement
0x0000000008bd4000 	/usr/lib/libxslt.1.dylib
0x0000000008bd4000 	/System/Library/Frameworks/Carbon.framework/Versions/A/Frameworks/Ink.framework/Versions/A/Ink
0x0000000008bd4000 	/usr/lib/libFosl_dynamic.dylib
0x0000000008bd4000 	/System/Library/PrivateFrameworks/FaceCore.framework/Versions/A/FaceCore
0x0000000008bd4000 	/System/Library/Frameworks/OpenCL.framework/Versions/A/OpenCL
0x0000000008bd4000 	/System/Library/PrivateFrameworks/CrashReporterSupport.framework/Versions/A/CrashReporterSupport
0x0000000008bd4000 	/System/Library/PrivateFrameworks/IconServices.framework/Versions/A/IconServices
0x0000000008bd4000 	/System/Library/PrivateFrameworks/Apple80211.framework/Versions/A/Apple80211
0x0000000008bd4000 	/System/Library/Frameworks/CoreWLAN.framework/Versions/A/CoreWLAN
0x0000000008bd4000 	/System/Library/Frameworks/IOBluetooth.framework/Versions/A/IOBluetooth
0x0000000008bd4000 	/System/Library/PrivateFrameworks/CoreWiFi.framework/Versions/A/CoreWiFi
0x0000000008bd4000 	/System/Library/Frameworks/CoreBluetooth.framework/Versions/A/CoreBluetooth
0x0000000008bd4000 	/System/Library/PrivateFrameworks/ChunkingLibrary.framework/Versions/A/ChunkingLibrary
0x0000000008bd4000 	/System/Library/PrivateFrameworks/DebugSymbols.framework/Versions/A/DebugSymbols
0x0000000008bd4000 	/System/Library/PrivateFrameworks/CoreSymbolication.framework/Versions/A/CoreSymbolication
0x0000000008bd4000 	/System/Library/PrivateFrameworks/Symbolication.framework/Versions/A/Symbolication
0x0000000008bd4000 	/System/Library/PrivateFrameworks/SpeechRecognitionCore.framework/Versions/A/SpeechRecognitionCore
0x0000000102800000 	/Library/Java/JavaVirtualMachines/jdk1.8.0_60.jdk/Contents/Home/jre/lib/server/libjvm.dylib
0x0000000008bd4000 	/usr/lib/libstdc++.6.dylib
0x0000000101693000 	/Library/Java/JavaVirtualMachines/jdk1.8.0_60.jdk/Contents/Home/jre/lib/libverify.dylib
0x00000001016a1000 	/Library/Java/JavaVirtualMachines/jdk1.8.0_60.jdk/Contents/Home/jre/lib/libjava.dylib
0x00000001016e0000 	/Library/Java/JavaVirtualMachines/jdk1.8.0_60.jdk/Contents/Home/jre/lib/libzip.dylib
0x00000001017e5000 	/System/Library/Frameworks/JavaVM.framework/Frameworks/JavaRuntimeSupport.framework/JavaRuntimeSupport
0x000000011e71a000 	/System/Library/Frameworks/JavaVM.framework/Versions/A/Frameworks/JavaNativeFoundation.framework/Versions/A/JavaNativeFoundation
0x000000011e72f000 	/System/Library/Frameworks/JavaVM.framework/Versions/A/JavaVM
0x0000000008bd4000 	/System/Library/Frameworks/Carbon.framework/Versions/A/Carbon
0x000000011e73c000 	/System/Library/PrivateFrameworks/JavaLaunching.framework/Versions/A/JavaLaunching
0x0000000008bd4000 	/System/Library/Frameworks/Carbon.framework/Versions/A/Frameworks/CommonPanels.framework/Versions/A/CommonPanels
0x0000000008bd4000 	/System/Library/Frameworks/Carbon.framework/Versions/A/Frameworks/Help.framework/Versions/A/Help
0x0000000008bd4000 	/System/Library/Frameworks/Carbon.framework/Versions/A/Frameworks/ImageCapture.framework/Versions/A/ImageCapture
0x0000000008bd4000 	/System/Library/Frameworks/Carbon.framework/Versions/A/Frameworks/OpenScripting.framework/Versions/A/OpenScripting
0x0000000008bd4000 	/System/Library/Frameworks/Carbon.framework/Versions/A/Frameworks/Print.framework/Versions/A/Print
0x0000000008bd4000 	/System/Library/Frameworks/Carbon.framework/Versions/A/Frameworks/SecurityHI.framework/Versions/A/SecurityHI
0x00000001200f7000 	/Library/Java/JavaVirtualMachines/jdk1.8.0_60.jdk/Contents/Home/jre/lib/libprism_es2.dylib
0x0000000008bd4000 	/System/Library/Frameworks/OpenGL.framework/Versions/A/Resources/GLEngine.bundle/GLEngine
0x0000000008bd4000 	/System/Library/Frameworks/OpenGL.framework/Versions/A/Libraries/libGLProgrammability.dylib
0x0000000120178000 	/System/Library/Extensions/AppleIntelHD5000GraphicsGLDriver.bundle/Contents/MacOS/AppleIntelHD5000GraphicsGLDriver
0x0000000008bd4000 	/System/Library/PrivateFrameworks/GPUSupport.framework/Versions/A/Libraries/libGPUSupportMercury.dylib
0x0000000000000000 	/System/Library/Extensions/GeForceGLDriver.bundle/Contents/MacOS/GeForceGLDriver
0x0000000008bd4000 	/System/Library/Extensions/GeForceGLDriver.bundle/Contents/MacOS/libclh.dylib
0x0000000008bd4000 	/System/Library/Frameworks/OpenGL.framework/Versions/A/Resources/GLRendererFloat.bundle/GLRendererFloat
0x0000000008bd4000 	/System/Library/Frameworks/OpenCL.framework/Versions/A/Libraries/libcldcpuengine.dylib
0x0000000008bd4000 	/System/Library/PrivateFrameworks/DiskImages.framework/Versions/A/DiskImages
0x0000000008bd4000 	/System/Library/Frameworks/DiscRecording.framework/Versions/A/DiscRecording
0x0000000008bd4000 	/usr/lib/libcsfde.dylib
0x0000000008bd4000 	/usr/lib/libcurl.4.dylib
0x0000000008bd4000 	/System/Library/PrivateFrameworks/MediaKit.framework/Versions/A/MediaKit
0x0000000008bd4000 	/System/Library/PrivateFrameworks/ProtectedCloudStorage.framework/Versions/A/ProtectedCloudStorage
0x0000000008bd4000 	/usr/lib/libCoreStorage.dylib
0x0000000008bd4000 	/System/Library/PrivateFrameworks/EFILogin.framework/Versions/A/EFILogin
0x0000000008bd4000 	/usr/lib/libutil.dylib
0x0000000008bd4000 	/System/Library/PrivateFrameworks/FindMyDevice.framework/Versions/A/FindMyDevice
0x0000000008bd4000 	/System/Library/Frameworks/LDAP.framework/Versions/A/LDAP
0x0000000008bd4000 	/usr/lib/libsasl2.2.dylib
0x0000000008bd4000 	/System/Library/PrivateFrameworks/CoreDaemon.framework/Versions/B/CoreDaemon
0x0000000008bd4000 	/usr/lib/libcrypto.0.9.8.dylib
0x0000000008bd4000 	/System/Library/PrivateFrameworks/AppleSRP.framework/Versions/A/AppleSRP
0x0000000008bd4000 	/System/Library/PrivateFrameworks/TrustEvaluationAgent.framework/Versions/A/TrustEvaluationAgent
0x0000000120b3e000 	/Library/Java/JavaVirtualMachines/jdk1.8.0_60.jdk/Contents/Home/jre/lib/libglass.dylib
0x0000000008bd4000 	/System/Library/PrivateFrameworks/CoreServicesInternal.framework/Versions/A/CoreServicesInternal
0x0000000008bd4000 	/System/Library/CoreServices/RawCamera.bundle/Contents/MacOS/RawCamera
0x0000000008bd4000 	/System/Library/Frameworks/CoreGraphics.framework/Versions/A/Resources/libRIP.A.dylib
0x0000000008bd4000 	/System/Library/Frameworks/Accelerate.framework/Versions/A/Frameworks/vImage.framework/Versions/A/Libraries/libCGInterfaces.dylib
0x0000000008bd4000 	/System/Library/PrivateFrameworks/FamilyControls.framework/Versions/A/FamilyControls
0x0000000008bd4000 	/System/Library/PrivateFrameworks/CommerceKit.framework/Versions/A/Frameworks/CommerceCore.framework/Versions/A/CommerceCore
0x0000000008bd4000 	/System/Library/PrivateFrameworks/SystemAdministration.framework/Versions/A/SystemAdministration
0x0000000008bd4000 	/System/Library/PrivateFrameworks/AppContainer.framework/Versions/A/AppContainer
0x0000000008bd4000 	/System/Library/PrivateFrameworks/SecCodeWrapper.framework/Versions/A/SecCodeWrapper
0x0000000008bd4000 	/System/Library/Frameworks/DirectoryService.framework/Versions/A/DirectoryService
0x0000000008bd4000 	/System/Library/PrivateFrameworks/LoginUIKit.framework/Versions/A/Frameworks/LoginUICore.framework/Versions/A/LoginUICore
0x0000000008bd4000 	/usr/lib/libodfde.dylib
0x0000000124acb000 	/Library/Java/JavaVirtualMachines/jdk1.8.0_60.jdk/Contents/Home/jre/lib/libjavafx_font.dylib
0x0000000008bd4000 	/System/Library/Frameworks/CoreGraphics.framework/Versions/A/Resources/libCGXType.A.dylib

[error occurred during error reporting (printing dynamic libraries), id 0xb]

VM Arguments:
jvm_args: -Dfile.encoding=UTF-8 
java_command: /Users/kvdb/Documents/Codes/GSO/AEXBanner2/dist/run1003517317/AEXBanner2.jar
java_class_path (initial): /Users/kvdb/Documents/Codes/GSO/AEXBanner2/dist/run1003517317/AEXBanner2.jar
Launcher Type: SUN_STANDARD

Environment Variables:
PATH=/usr/bin:/bin:/usr/sbin:/sbin
LD_LIBRARY_PATH=/Library/Java/JavaVirtualMachines/jdk1.8.0_60.jdk/Contents/Home/jre/lib/amd64:/Library/Java/JavaVirtualMachines/jdk1.8.0_60.jdk/Contents/Home/jre/lib/i386:
SHELL=/bin/bash
DISPLAY=/private/tmp/com.apple.launchd.RlxSAtVhvw/org.macosforge.xquartz:0

Signal Handlers:
SIGSEGV: [libjvm.dylib+0x5a6d31], sa_mask[0]=11111111011111110111111111111111, sa_flags=SA_ONSTACK|SA_RESTART|SA_SIGINFO
SIGBUS: [libjvm.dylib+0x5a6d31], sa_mask[0]=11111111011111110111111111111111, sa_flags=SA_RESTART|SA_SIGINFO
SIGFPE: [libjvm.dylib+0x480a4c], sa_mask[0]=11111111011111110111111111111111, sa_flags=SA_RESTART|SA_SIGINFO
SIGPIPE: [libjvm.dylib+0x480a4c], sa_mask[0]=11111111011111110111111111111111, sa_flags=SA_RESTART|SA_SIGINFO
SIGXFSZ: [libjvm.dylib+0x480a4c], sa_mask[0]=11111111011111110111111111111111, sa_flags=SA_RESTART|SA_SIGINFO
SIGILL: [libjvm.dylib+0x480a4c], sa_mask[0]=11111111011111110111111111111111, sa_flags=SA_RESTART|SA_SIGINFO
SIGUSR1: SIG_DFL, sa_mask[0]=00000000000000000000000000000000, sa_flags=none
SIGUSR2: [libjvm.dylib+0x48056a], sa_mask[0]=00100000000000000000000000000000, sa_flags=SA_RESTART|SA_SIGINFO
SIGHUP: [libjvm.dylib+0x47eb41], sa_mask[0]=11111111011111110111111111111111, sa_flags=SA_RESTART|SA_SIGINFO
SIGINT: SIG_IGN, sa_mask[0]=00000000000000000000000000000000, sa_flags=none
SIGTERM: [libjvm.dylib+0x47eb41], sa_mask[0]=11111111011111110111111111111111, sa_flags=SA_RESTART|SA_SIGINFO
SIGQUIT: [libjvm.dylib+0x47eb41], sa_mask[0]=11111111011111110111111111111111, sa_flags=SA_RESTART|SA_SIGINFO


---------------  S Y S T E M  ---------------

OS:Bsduname:Darwin 15.0.0 Darwin Kernel Version 15.0.0: Wed Aug 26 16:57:32 PDT 2015; root:xnu-3247.1.106~1/RELEASE_X86_64 x86_64
rlimit: STACK 8192k, CORE 0k, NPROC 709, NOFILE 10240, AS infinity
load average:1.48 1.85 1.97

CPU:total 8 (4 cores per cpu, 2 threads per core) family 6 model 70 stepping 1, cmov, cx8, fxsr, mmx, sse, sse2, sse3, ssse3, sse4.1, sse4.2, popcnt, avx, avx2, aes, clmul, erms, rtm, lzcnt, ht, tsc, tscinvbit, bmi1, bmi2

Memory: 4k page, physical 16777216k(1088208k free)

/proc/meminfo:


vm_info: Java HotSpot(TM) 64-Bit Server VM (25.60-b23) for bsd-amd64 JRE (1.8.0_60-b27), built on Aug  4 2015 10:47:24 by "java_re" with gcc 4.2.1 (Based on Apple Inc. build 5658) (LLVM build 2336.11.00)

